============================= test session starts =============================
platform win32 -- Python 3.11.9, pytest-9.0.2, pluggy-1.6.0 -- C:\Users\monster\AppData\Local\Programs\Python\Python311\python.exe
cachedir: .pytest_cache
rootdir: C:\Users\monster\Desktop\Bilimsel\CardioGuard-AI
plugins: anyio-4.11.0
collecting ... collected 105 items

tests/test_airesult_mapper.py::TestClamp::test_clamp_normal_value PASSED [  0%]
tests/test_airesult_mapper.py::TestClamp::test_clamp_below_min PASSED    [  1%]
tests/test_airesult_mapper.py::TestClamp::test_clamp_above_max PASSED    [  2%]
tests/test_airesult_mapper.py::TestClamp::test_clamp_string_value PASSED [  3%]
tests/test_airesult_mapper.py::TestClamp::test_clamp_none PASSED         [  4%]
tests/test_airesult_mapper.py::TestClamp::test_clamp_nan PASSED          [  5%]
tests/test_airesult_mapper.py::TestClamp::test_clamp_inf PASSED          [  6%]
tests/test_airesult_mapper.py::TestDeriveInputMeta::test_default_values PASSED [  7%]
tests/test_airesult_mapper.py::TestDeriveInputMeta::test_correct_leads_order PASSED [  8%]
tests/test_airesult_mapper.py::TestComputeTriage::test_triage_high_mi PASSED [  9%]
tests/test_airesult_mapper.py::TestComputeTriage::test_triage_medium_sttc PASSED [ 10%]
tests/test_airesult_mapper.py::TestComputeTriage::test_triage_low_norm PASSED [ 11%]
tests/test_airesult_mapper.py::TestComputeTriage::test_triage_review_bad_shape PASSED [ 12%]
tests/test_airesult_mapper.py::TestMapPredictOutputToAIResult::test_basic_mapping PASSED [ 13%]
tests/test_airesult_mapper.py::TestMapPredictOutputToAIResult::test_pathologies_mapping PASSED [ 14%]
tests/test_airesult_mapper.py::TestMapPredictOutputToAIResult::test_norm_derivation PASSED [ 15%]
tests/test_airesult_mapper.py::TestMapPredictOutputToAIResult::test_norm_decision_true_when_no_pathology PASSED [ 16%]
tests/test_airesult_mapper.py::TestMapPredictOutputToAIResult::test_localization_mapping PASSED [ 17%]
tests/test_airesult_mapper.py::TestMapPredictOutputToAIResult::test_localization_none_when_no_mi PASSED [ 18%]
tests/test_airesult_mapper.py::TestMapPredictOutputToAIResult::test_warning_mi_low_threshold PASSED [ 19%]
tests/test_airesult_mapper.py::TestMapPredictOutputToAIResult::test_warning_norm_in_probabilities PASSED [ 20%]
tests/test_airesult_mapper.py::TestMapPredictOutputToAIResult::test_triage_included PASSED [ 20%]
tests/test_airesult_mapper.py::TestMapPredictOutputToAIResult::test_sources_preserved PASSED [ 21%]
tests/test_airesult_mapper.py::TestMapPredictOutputToAIResult::test_versions_preserved PASSED [ 22%]
tests/test_artifacts.py::TestDiscoverXAIArtifacts::test_discover_existing_run PASSED [ 23%]
tests/test_artifacts.py::TestDiscoverXAIArtifacts::test_discover_finds_visuals PASSED [ 24%]
tests/test_artifacts.py::TestDiscoverXAIArtifacts::test_discover_finds_tensors PASSED [ 25%]
tests/test_artifacts.py::TestDiscoverXAIArtifacts::test_discover_finds_narratives PASSED [ 26%]
tests/test_artifacts.py::TestDiscoverXAIArtifacts::test_discover_none_path PASSED [ 27%]
tests/test_artifacts.py::TestDiscoverXAIArtifacts::test_discover_missing_dir PASSED [ 28%]
tests/test_artifacts.py::TestDiscoverXAIArtifacts::test_artifact_structure PASSED [ 29%]
tests/test_artifacts.py::TestExtractHighlights::test_extract_existing_sample PASSED [ 30%]
tests/test_artifacts.py::TestExtractHighlights::test_extract_nonexistent_sample PASSED [ 31%]
tests/test_artifacts.py::TestExtractHighlights::test_extract_none_dir PASSED [ 32%]
tests/test_artifacts.py::TestExtractSanity::test_extract_skipped_sanity PASSED [ 33%]
tests/test_artifacts.py::TestExtractSanity::test_extract_pass_sanity PASSED [ 34%]
tests/test_artifacts.py::TestExtractSanity::test_extract_fail_sanity PASSED [ 35%]
tests/test_artifacts.py::TestExtractSanity::test_extract_none_explanation PASSED [ 36%]
tests/test_artifacts.py::TestExtractSanity::test_extract_empty_explanation PASSED [ 37%]
tests/test_artifacts.py::TestExtractSanity::test_derive_status_from_counts PASSED [ 38%]
tests/test_checkpoint_utils.py::test_remap_sequential_state_dict PASSED  [ 39%]
tests/test_checkpoint_validation.py::TestGetOutputDim::test_binary_checkpoint_dim PASSED [ 40%]
tests/test_checkpoint_validation.py::TestGetOutputDim::test_superclass_checkpoint_dim PASSED [ 40%]
tests/test_checkpoint_validation.py::TestGetOutputDim::test_localization_checkpoint_dim PASSED [ 41%]
tests/test_checkpoint_validation.py::TestValidateCheckpointTask::test_binary_validation_passes PASSED [ 42%]
tests/test_checkpoint_validation.py::TestValidateCheckpointTask::test_superclass_validation_passes PASSED [ 43%]
tests/test_checkpoint_validation.py::TestValidateCheckpointTask::test_localization_validation_passes PASSED [ 44%]
tests/test_checkpoint_validation.py::TestValidateCheckpointTask::test_wrong_task_fails_strict PASSED [ 45%]
tests/test_checkpoint_validation.py::TestValidateCheckpointTask::test_wrong_task_returns_invalid_non_strict PASSED [ 46%]
tests/test_checkpoint_validation.py::TestRegressionHeadRejection::test_localization_has_no_regression_head PASSED [ 47%]
tests/test_checkpoint_validation.py::TestRegressionHeadRejection::test_binary_has_no_regression_head PASSED [ 48%]
tests/test_checkpoint_validation.py::TestLocalizationFingerprint::test_fingerprint_matches_expected PASSED [ 49%]
tests/test_checkpoint_validation.py::TestLocalizationFingerprint::test_fingerprint_computation_deterministic PASSED [ 50%]
tests/test_checkpoint_validation.py::TestLocalizationFingerprint::test_wrong_fingerprint_raises_strict PASSED [ 51%]
tests/test_checkpoint_validation.py::TestValidateAllCheckpoints::test_validate_all_returns_dict PASSED [ 52%]
tests/test_consistency_guard.py::TestCheckConsistency::test_agree_mi PASSED [ 53%]
tests/test_consistency_guard.py::TestCheckConsistency::test_agree_no_mi PASSED [ 54%]
tests/test_consistency_guard.py::TestCheckConsistency::test_disagree_type_1 PASSED [ 55%]
tests/test_consistency_guard.py::TestCheckConsistency::test_disagree_type_2 PASSED [ 56%]
tests/test_consistency_guard.py::TestCheckConsistency::test_to_dict PASSED [ 57%]
tests/test_consistency_guard.py::TestShouldRunLocalization::test_strict_mode_agree_mi PASSED [ 58%]
tests/test_consistency_guard.py::TestShouldRunLocalization::test_strict_mode_disagree PASSED [ 59%]
tests/test_consistency_guard.py::TestShouldRunLocalization::test_recall_first_mode_superclass_mi PASSED [ 60%]
tests/test_consistency_guard.py::TestShouldRunLocalization::test_recall_first_mode_no_superclass_mi PASSED [ 60%]
tests/test_consistency_guard.py::TestDeriveNorm::test_norm_derived_no_pathology PASSED [ 61%]
tests/test_consistency_guard.py::TestDeriveNorm::test_norm_derived_with_pathology PASSED [ 62%]
tests/test_consistency_guard.py::TestDeriveNorm::test_norm_has_rule PASSED [ 63%]
tests/test_consistency_integration.py::TestConsistencyGuardIntegration::test_predict_includes_consistency_when_binary_model_provided PASSED [ 64%]
tests/test_consistency_integration.py::TestConsistencyGuardIntegration::test_predict_consistency_none_without_binary_model PASSED [ 65%]
tests/test_consistency_integration.py::TestConsistencyGuardIntegration::test_consistency_agree_mi_scenario PASSED [ 66%]
tests/test_consistency_integration.py::TestConsistencyGuardIntegration::test_consistency_disagree_type_1_scenario PASSED [ 67%]
tests/test_data.py::TestConfig::test_config_defaults PASSED              [ 68%]
tests/test_data.py::TestConfig::test_config_paths PASSED                 [ 69%]
tests/test_data.py::TestConfig::test_mi_codes_defined PASSED             [ 70%]
tests/test_data.py::TestLoader::test_load_metadata_shape PASSED          [ 71%]
tests/test_data.py::TestLoader::test_metadata_required_columns PASSED    [ 72%]
tests/test_data.py::TestLoader::test_scp_codes_parsed PASSED             [ 73%]
tests/test_data.py::TestLoader::test_load_scp_statements PASSED          [ 74%]
tests/test_data.py::TestLoader::test_diagnostic_codes_exist PASSED       [ 75%]
tests/test_data.py::TestLabels::test_mi_code_detection PASSED            [ 76%]
tests/test_data.py::TestLabels::test_norm_code_detection PASSED          [ 77%]
tests/test_data.py::TestLabels::test_binary_labels_distribution PASSED   [ 78%]
tests/test_data.py::TestLabels::test_superclass_labels PASSED            [ 79%]
tests/test_data.py::TestLabels::test_5class_labels_multi_hot PASSED      [ 80%]
tests/test_data.py::TestLabels::test_filter_valid_samples PASSED         [ 80%]
tests/test_data.py::TestSplits::test_standard_split_sizes PASSED         [ 81%]
tests/test_data.py::TestSplits::test_no_patient_leakage PASSED           [ 82%]
tests/test_data.py::TestSplits::test_unique_patients_per_split PASSED    [ 83%]
tests/test_data.py::TestSplits::test_split_statistics PASSED             [ 84%]
tests/test_data.py::TestIntegration::test_full_binary_pipeline PASSED    [ 85%]
tests/test_data.py::TestIntegration::test_full_5class_pipeline PASSED    [ 86%]
tests/test_gradcam.py::test_gradcam_ecgcnn_shape PASSED                  [ 87%]
tests/test_model.py::test_ecgcnn_forward_shape PASSED                    [ 88%]
tests/test_xai_visualization.py::TestGradCAMVisualization::test_plot_gradcam_heatmap_shape PASSED [ 89%]
tests/test_xai_visualization.py::TestGradCAMVisualization::test_plot_gradcam_handles_transposed_signal PASSED [ 90%]
tests/test_xai_visualization.py::TestGradCAMVisualization::test_plot_lead_attention PASSED [ 91%]
tests/test_xai_visualization.py::TestGradCAMVisualization::test_plot_ecg_with_prediction FAILED [ 92%]
tests/test_xai_visualization.py::TestSHAPVisualization::test_plot_shap_summary_bar SKIPPED [ 93%]
tests/test_xai_visualization.py::TestSHAPVisualization::test_plot_shap_waterfall SKIPPED [ 94%]
tests/test_xai_visualization.py::TestEnsembleOptimization::test_optimize_returns_valid_alpha PASSED [ 95%]
tests/test_xai_visualization.py::TestEnsembleOptimization::test_optimize_with_custom_range PASSED [ 96%]
tests/test_xai_visualization.py::TestEnsembleOptimization::test_optimize_different_metrics PASSED [ 97%]
tests/test_xgb_pipeline.py::test_load_features_accepts_X_y PASSED        [ 98%]
tests/test_xgb_pipeline.py::test_load_features_accepts_features_labels PASSED [ 99%]
tests/test_xgb_pipeline.py::test_compute_binary_metrics_includes_f1_and_confusion PASSED [100%]

================================== FAILURES ===================================
___________ TestGradCAMVisualization.test_plot_ecg_with_prediction ____________
tests\test_xai_visualization.py:84: in test_plot_ecg_with_prediction
    fig = plot_ecg_with_prediction(
src\xai\visualize.py:150: in plot_ecg_with_prediction
    plot_ecg_with_localization(signal, prediction, output_path, title)
src\xai\visualize.py:101: in plot_ecg_with_localization
    fig, axes = plt.subplots(12, 1, figsize=(15, 20), sharex=True)
                ^^^^^^^^^^^^^^^^^^^^^^^^^^^^^^^^^^^^^^^^^^^^^^^^^^
..\..\..\AppData\Local\Programs\Python\Python311\Lib\site-packages\matplotlib\pyplot.py:1776: in subplots
    fig = figure(**fig_kw)
          ^^^^^^^^^^^^^^^^
..\..\..\AppData\Local\Programs\Python\Python311\Lib\site-packages\matplotlib\pyplot.py:1041: in figure
    manager = new_figure_manager(
..\..\..\AppData\Local\Programs\Python\Python311\Lib\site-packages\matplotlib\pyplot.py:551: in new_figure_manager
    return _get_backend_mod().new_figure_manager(*args, **kwargs)
           ^^^^^^^^^^^^^^^^^^^^^^^^^^^^^^^^^^^^^^^^^^^^^^^^^^^^^^
..\..\..\AppData\Local\Programs\Python\Python311\Lib\site-packages\matplotlib\backend_bases.py:3504: in new_figure_manager
    return cls.new_figure_manager_given_figure(num, fig)
           ^^^^^^^^^^^^^^^^^^^^^^^^^^^^^^^^^^^^^^^^^^^^^
..\..\..\AppData\Local\Programs\Python\Python311\Lib\site-packages\matplotlib\backend_bases.py:3509: in new_figure_manager_given_figure
    return cls.FigureCanvas.new_manager(figure, num)
           ^^^^^^^^^^^^^^^^^^^^^^^^^^^^^^^^^^^^^^^^^
..\..\..\AppData\Local\Programs\Python\Python311\Lib\site-packages\matplotlib\backend_bases.py:1785: in new_manager
    return cls.manager_class.create_with_canvas(cls, figure, num)
           ^^^^^^^^^^^^^^^^^^^^^^^^^^^^^^^^^^^^^^^^^^^^^^^^^^^^^^
..\..\..\AppData\Local\Programs\Python\Python311\Lib\site-packages\matplotlib\backends\_backend_tk.py:535: in create_with_canvas
    window = tk.Tk(className="matplotlib")
             ^^^^^^^^^^^^^^^^^^^^^^^^^^^^^
..\..\..\AppData\Local\Programs\Python\Python311\Lib\tkinter\__init__.py:2345: in __init__
    self.tk = _tkinter.create(screenName, baseName, className, interactive, wantobjects, useTk, sync, use)
              ^^^^^^^^^^^^^^^^^^^^^^^^^^^^^^^^^^^^^^^^^^^^^^^^^^^^^^^^^^^^^^^^^^^^^^^^^^^^^^^^^^^^^^^^^^^^
E   _tkinter.TclError: Can't find a usable init.tcl in the following directories: 
E       {C:\Users\monster\AppData\Local\Programs\Python\Python311\tcl\tcl8.6}
E   
E   C:/Users/monster/AppData/Local/Programs/Python/Python311/tcl/tcl8.6/init.tcl: couldn't read file "C:/Users/monster/AppData/Local/Programs/Python/Python311/tcl/tcl8.6/init.tcl": No error
E   couldn't read file "C:/Users/monster/AppData/Local/Programs/Python/Python311/tcl/tcl8.6/init.tcl": No error
E       while executing
E   "source C:/Users/monster/AppData/Local/Programs/Python/Python311/tcl/tcl8.6/init.tcl"
E       ("uplevel" body line 1)
E       invoked from within
E   "uplevel #0 [list source $tclfile]"
E   
E   
E   This probably means that Tcl wasn't installed properly.
=========================== short test summary info ===========================
FAILED tests/test_xai_visualization.py::TestGradCAMVisualization::test_plot_ecg_with_prediction
================== 1 failed, 102 passed, 2 skipped in 16.36s ==================
